Build started 2016-06-28 10:23:06.
     1>Project "C:\Users\Little\Desktop\Dane\pendrajf\Format\Studia\Projekt programowanie\Projekt programowanie\Projekt programowanie\Projekt programowanie.vcxproj" on node 2 (Build target(s)).
     1>ClCompile:
         C:\Program Files (x86)\Microsoft Visual Studio 12.0\VC\bin\CL.exe /c /I\include /Zi /nologo /W3 /WX- /sdl /O2 /Oi /Oy- /GL /D WIN32 /D NDEBUG /D _CONSOLE /D _LIB /D _UNICODE /D UNICODE /Gm- /EHsc /MD /GS /Gy /fp:precise /Zc:wchar_t /Zc:forScope /Fo"Release\\" /Fd"Release\vc120.pdb" /Gd /TP /analyze- /errorReport:prompt App.cpp Button.cpp Cursor.cpp Form.cpp GameMenu.cpp Label.cpp main.cpp Menu.cpp PingPong.cpp
         App.cpp
     1>c:\users\little\desktop\dane\pendrajf\format\studia\projekt programowanie\projekt programowanie\projekt programowanie\App.h(5): fatal error C1083: Cannot open include file: 'opencv2\highgui\highgui.hpp': No such file or directory
         Button.cpp
     1>c:\users\little\desktop\dane\pendrajf\format\studia\projekt programowanie\projekt programowanie\projekt programowanie\Button.h(8): fatal error C1083: Cannot open include file: 'opencv2\highgui\highgui.hpp': No such file or directory
         Cursor.cpp
     1>c:\users\little\desktop\dane\pendrajf\format\studia\projekt programowanie\projekt programowanie\projekt programowanie\Cursor.h(5): fatal error C1083: Cannot open include file: 'opencv2\highgui\highgui.hpp': No such file or directory
         Form.cpp
     1>c:\users\little\desktop\dane\pendrajf\format\studia\projekt programowanie\projekt programowanie\projekt programowanie\Form.h(3): fatal error C1083: Cannot open include file: 'opencv2\highgui\highgui.hpp': No such file or directory
         GameMenu.cpp
     1>c:\users\little\desktop\dane\pendrajf\format\studia\projekt programowanie\projekt programowanie\projekt programowanie\Form.h(3): fatal error C1083: Cannot open include file: 'opencv2\highgui\highgui.hpp': No such file or directory
         Label.cpp
     1>c:\users\little\desktop\dane\pendrajf\format\studia\projekt programowanie\projekt programowanie\projekt programowanie\Label.h(6): fatal error C1083: Cannot open include file: 'opencv2\highgui\highgui.hpp': No such file or directory
         main.cpp
     1>c:\users\little\desktop\dane\pendrajf\format\studia\projekt programowanie\projekt programowanie\projekt programowanie\App.h(5): fatal error C1083: Cannot open include file: 'opencv2\highgui\highgui.hpp': No such file or directory
         Menu.cpp
     1>c:\users\little\desktop\dane\pendrajf\format\studia\projekt programowanie\projekt programowanie\projekt programowanie\Form.h(3): fatal error C1083: Cannot open include file: 'opencv2\highgui\highgui.hpp': No such file or directory
         PingPong.cpp
     1>c:\users\little\desktop\dane\pendrajf\format\studia\projekt programowanie\projekt programowanie\projekt programowanie\Form.h(3): fatal error C1083: Cannot open include file: 'opencv2\highgui\highgui.hpp': No such file or directory
     1>Done Building Project "C:\Users\Little\Desktop\Dane\pendrajf\Format\Studia\Projekt programowanie\Projekt programowanie\Projekt programowanie\Projekt programowanie.vcxproj" (Build target(s)) -- FAILED.

Build FAILED.

Time Elapsed 00:00:11.23
